[2025-09-18 09:34:29] INFO - Aplicación iniciada.
[2025-09-18 09:34:47] INFO - [ERROR] ImportError: Missing optional dependency 'tabulate'.  Use pip or conda to install tabulate.
[2025-09-18 09:35:52] INFO - Aplicación iniciada.
[2025-09-18 09:36:03] INFO - Previsualización lista. Filas totales tras normalización: 594
[2025-09-18 09:37:46] INFO - Aplicación iniciada.
[2025-09-18 09:37:56] INFO - Previsualización lista. Filas totales tras normalización: 594
[2025-09-18 09:47:47] INFO - BaseDir: d:\OneDrive\Documentos\GitHub Mental\Mental\Python
[2025-09-18 09:47:47] INFO - CWD    : D:\OneDrive\Documentos\GitHub Mental\Mental
[2025-09-18 09:48:09] INFO - Previsualización OK. Filas tras normalización: 594
[2025-09-18 09:48:10] INFO - Usando config Oracle: d:\OneDrive\Documentos\GitHub Mental\Mental\Python\oracle_config.json
[2025-09-18 09:48:10] INFO - == Iniciando MERGE (Excel local) ==
[2025-09-18 09:48:10] INFO - Leyendo Excel local...
[2025-09-18 09:48:11] INFO - Filas tras normalización/deduplicación: 594
[2025-09-18 09:48:11] INFO - Conectando a Oracle (modo thin)...
[2025-09-18 09:48:11] INFO - [ERROR] TypeError: connect() got an unexpected keyword argument 'encoding'
[2025-09-18 10:31:16] INFO - Driver Oracle: oracledb 3.3.0
[2025-09-18 10:31:16] INFO - BaseDir: d:\OneDrive\Documentos\GitHub Mental\Mental\Python
[2025-09-18 10:31:16] INFO - CWD    : D:\OneDrive\Documentos\GitHub Mental\Mental
[2025-09-18 10:31:32] INFO - Previsualización OK. Filas tras normalización: 594
[2025-09-18 10:31:35] INFO - Usando config Oracle: d:\OneDrive\Documentos\GitHub Mental\Mental\Python\oracle_config.json
[2025-09-18 10:31:35] INFO - == Iniciando MERGE (Excel local) ==
[2025-09-18 10:31:35] INFO - Leyendo Excel local...
[2025-09-18 10:31:35] INFO - Filas tras normalización/deduplicación: 594
[2025-09-18 10:31:35] INFO - Conectando a Oracle...
[2025-09-18 10:31:36] INFO - Conexión establecida con oracledb 3.3.0 (sin encoding).
[2025-09-18 10:31:36] INFO - Creando STAGING PDB_CRONUS.STG_DF_AZURE_PBI_MERGE...
[2025-09-18 10:31:36] INFO - Cargando STAGING en lotes de 1000...
[2025-09-18 10:31:37] INFO - Insertados en STAGING: 594/594
[2025-09-18 10:31:37] INFO - Ejecutando MERGE PDB_CRONUS.DF_AZURE_PBI ...
[2025-09-18 10:31:37] INFO - MERGE filas afectadas (INSERT+UPDATE): 594
[2025-09-18 10:31:37] INFO - Eliminando STAGING...
[2025-09-18 10:32:37] INFO - Previsualización OK. Filas tras normalización: 639
[2025-09-18 10:32:45] INFO - Usando config Oracle: d:\OneDrive\Documentos\GitHub Mental\Mental\Python\oracle_config.json
[2025-09-18 10:32:45] INFO - == Iniciando MERGE (Excel local) ==
[2025-09-18 10:32:45] INFO - Leyendo Excel local...
[2025-09-18 10:32:46] INFO - Filas tras normalización/deduplicación: 639
[2025-09-18 10:32:46] INFO - Conectando a Oracle...
[2025-09-18 10:32:46] INFO - Conexión establecida con oracledb 3.3.0 (sin encoding).
[2025-09-18 10:32:46] INFO - Creando STAGING PDB_CRONUS.STG_DF_AZURE_PBI_MERGE...
[2025-09-18 10:32:47] INFO - Cargando STAGING en lotes de 1000...
[2025-09-18 10:32:47] INFO - Insertados en STAGING: 639/639
[2025-09-18 10:32:47] INFO - Ejecutando MERGE PDB_CRONUS.DF_AZURE_PBI ...
[2025-09-18 10:32:48] INFO - MERGE filas afectadas (INSERT+UPDATE): 639
[2025-09-18 10:32:48] INFO - Eliminando STAGING...
